<?xml version="1.0" encoding="UTF-8"?>
<testng-results skipped="0" failed="0" total="1" passed="1">
  <reporter-output>
  </reporter-output>
  <suite name="Default suite" duration-ms="751" started-at="2018-04-28T01:48:51Z" finished-at="2018-04-28T01:48:52Z">
    <groups>
    </groups>
    <test name="Default test" duration-ms="751" started-at="2018-04-28T01:48:51Z" finished-at="2018-04-28T01:48:52Z">
      <class name="cn.test.framework.tests.WdTest">
        <test-method status="PASS" signature="delRole()[pri:0, instance:cn.test.framework.tests.WdTest@3cd3e762]" name="delRole" duration-ms="732" started-at="2018-04-28T09:48:51Z" finished-at="2018-04-28T09:48:52Z">
          <reporter-output>
          </reporter-output>
        </test-method> <!-- delRole -->
      </class> <!-- cn.test.framework.tests.WdTest -->
    </test> <!-- Default test -->
  </suite> <!-- Default suite -->
</testng-results>
